2025-08-24 14:34:43,900 - INFO - 🚀 拉伸大师定时Webhook调度器启动
2025-08-24 14:34:43,901 - INFO - 📖 支持的定时类型（需在配置表中填写）：
2025-08-24 14:34:43,901 - INFO -    - 每日：定时类型=每日，推送时间=HH:MM（如11:00）
2025-08-24 14:34:43,901 - INFO -    - 每周：定时类型=每周，每周-周几=一~日，推送时间=HH:MM
2025-08-24 14:34:43,901 - INFO -    - 每月：定时类型=每月，每月-几号=1~31，推送时间=HH:MM
2025-08-24 14:34:43,901 - INFO -    - 单次：定时类型=单次，单次日期=YYYY-MM-DD，推送时间=HH:MM
2025-08-24 14:34:43,901 - INFO - 💡 提示：按Ctrl+C停止调度器
2025-08-24 14:34:43,901 - INFO - ============================================================
2025-08-24 14:34:43,901 - INFO - ============================================================
2025-08-24 14:34:43,902 - INFO - 🔍 开始检查待执行任务...
2025-08-24 14:34:43,902 - INFO - ⏰ 当前时间：2025-08-24 14:34:43（周日）
2025-08-24 14:34:43,902 - INFO - 🔄 读取拉伸大师钉钉配置表...
2025-08-24 14:34:43,902 - INFO - 🔄 重新获取拉伸大师Token...
2025-08-24 14:34:44,171 - INFO - 💾 拉伸大师Token已缓存，过期时间：2025-08-24 16:34:44
2025-08-24 14:34:44,171 - INFO - ✅ 拉伸大师Token获取成功
2025-08-24 14:34:44,682 - WARNING - ⚠️ 任务1配置不完整（跳过）：{'record_id': '7Gtfo83ZWU', 'is_enabled': 'True', 'cron_type': "{'name': '每日', 'id': 'DjS6zqFZfU'}", 'cron_extra': '', 'push_time': '11:00', 'table_url': "{'link': 'https://alidocs.dingtalk.com/i/nodes/1zknDm0WRaMY76ljcgGq5nLB8BQEx5rG?doc_type=wiki_notable&iframeQuery=sheetId%3D79AY3Nx%26viewId%3DPOBnRBd', 'text': '门店营业目标追踪表'}", 'target_field': '', 'webhook_title': '', 'webhook_url': '', 'latest_exec_date': ''}
2025-08-24 14:34:44,682 - INFO - 📊 共获取0个有效启用任务
2025-08-24 14:34:44,682 - WARNING - ⚠️ 无有效任务，结束检查
2025-08-24 14:34:44,682 - INFO - 👂 开始监听任务（每分钟检查一次）...
2025-08-24 14:35:09,650 - INFO - 🛑 收到停止信号，正在关闭调度器...
2025-08-24 14:35:09,650 - INFO - 👋 拉伸大师调度器已停止
