2025-08-16 14:53:33 - INFO - === 医疗健康提醒系统启动 ===
2025-08-16 14:53:33 - INFO - 正在提取医院配置信息...
2025-08-16 14:53:33 - INFO - 发送查询请求: dcijMKYnKxjShY-j07ZOHvts5m58JesjOINDiFoLNuZLGLvCpilhV5P9UjJ8ABc1b9d_tFBRu_Xvl8FvmlZk1jXA, q979lj, vukaF8
2025-08-16 14:53:34 - INFO - 【花山镇卫生院】：提取配置成功
2025-08-16 14:53:34 - INFO - 【清布社区卫生服务中心】：提取配置成功
2025-08-16 14:53:34 - INFO - 【花城社区卫生服务中心】：提取配置成功
2025-08-16 14:53:34 - INFO - 【炭步镇中心卫生院】：提取配置成功
2025-08-16 14:53:34 - INFO - 【花东镇花侨卫生院】：提取配置成功
2025-08-16 14:53:34 - INFO - 【天贵社区卫生服务中心】：提取配置成功
2025-08-16 14:53:34 - INFO - 【广州市花都区第二人民医院】：提取配置成功
2025-08-16 14:53:34 - INFO - 【新华社区卫生服务中心】：提取配置成功
2025-08-16 14:53:34 - INFO - 【花东镇北兴卫生院】：提取配置成功
2025-08-16 14:53:34 - WARNING - 【第10条】花城东社区卫生服务中心：无文档ID配置
2025-08-16 14:53:34 - INFO - 成功提取 9 个医院配置
2025-08-16 14:53:34 - INFO - 
正在处理第 1/9 个医院配置
2025-08-16 14:53:34 - INFO - 
===== 处理医院: 花山镇卫生院 =====
2025-08-16 14:53:34 - INFO - 发送查询请求: dcvwbcKwlI9trjyz_HRBtm44QXMfu0VQsO7X1Hvybj-LmHyLj-S4A-9zH0wpnd6r4HCrC_g9ezV3Vl-ZByTSy0Jw, t7Ndp7, vukaF8
2025-08-16 14:53:35 - INFO - ✅ 读取到 48 条记录
2025-08-16 14:53:35 - INFO - 
----- 处理第1条记录 -----
2025-08-16 14:53:35 - INFO - 跳过第1个info对象（日期为空）
2025-08-16 14:53:35 - INFO - 
----- 处理第2条记录 -----
2025-08-16 14:53:35 - INFO - 未匹配到任务
2025-08-16 14:53:35 - INFO - 
----- 处理第3条记录 -----
2025-08-16 14:53:35 - INFO - 未匹配到任务
2025-08-16 14:53:35 - INFO - 
----- 处理第4条记录 -----
2025-08-16 14:53:35 - INFO - 跳过第1个info对象（日期为空）
2025-08-16 14:53:35 - INFO - 未匹配到任务
2025-08-16 14:53:35 - INFO - 
----- 处理第5条记录 -----
2025-08-16 14:53:35 - INFO - 未匹配到任务
2025-08-16 14:53:35 - INFO - 
----- 处理第6条记录 -----
2025-08-16 14:53:35 - INFO - 未匹配到任务
2025-08-16 14:53:35 - INFO - 
----- 处理第7条记录 -----
2025-08-16 14:53:35 - INFO - 未匹配到任务
2025-08-16 14:53:35 - INFO - 
----- 处理第8条记录 -----
2025-08-16 14:53:35 - INFO - 未匹配到任务
2025-08-16 14:53:35 - INFO - 
----- 处理第9条记录 -----
2025-08-16 14:53:35 - INFO - 跳过第1个info对象（日期为空）
2025-08-16 14:53:35 - INFO - 
----- 处理第10条记录 -----
2025-08-16 14:53:35 - INFO - 跳过第2个info对象（日期为空）
2025-08-16 14:53:35 - INFO - 未匹配到任务
2025-08-16 14:53:35 - INFO - 
----- 处理第11条记录 -----
2025-08-16 14:53:35 - INFO - 跳过第1个info对象（日期为空）
2025-08-16 14:53:35 - INFO - 
----- 处理第12条记录 -----
2025-08-16 14:53:35 - INFO - 跳过第1个info对象（日期为空）
2025-08-16 14:53:35 - INFO - 
----- 处理第13条记录 -----
2025-08-16 14:53:35 - INFO - 跳过第1个info对象（日期为空）
2025-08-16 14:53:35 - INFO - 
----- 处理第14条记录 -----
2025-08-16 14:53:35 - INFO - 未匹配到任务
2025-08-16 14:53:35 - INFO - 
----- 处理第15条记录 -----
2025-08-16 14:53:35 - INFO - 未匹配到任务
2025-08-16 14:53:35 - INFO - 
----- 处理第16条记录 -----
2025-08-16 14:53:35 - INFO - 跳过第1个info对象（日期为空）
2025-08-16 14:53:35 - INFO - 跳过第2个info对象（日期为空）
2025-08-16 14:53:35 - INFO - 未匹配到任务
2025-08-16 14:53:35 - INFO - 
----- 处理第17条记录 -----
2025-08-16 14:53:35 - INFO - 跳过第1个info对象（日期为空）
2025-08-16 14:53:35 - INFO - 
----- 处理第18条记录 -----
2025-08-16 14:53:35 - INFO - 跳过第1个info对象（日期为空）
2025-08-16 14:53:35 - INFO - 
----- 处理第19条记录 -----
2025-08-16 14:53:35 - INFO - 跳过第1个info对象（日期为空）
2025-08-16 14:53:35 - INFO - 跳过第2个info对象（日期为空）
2025-08-16 14:53:35 - INFO - 
----- 处理第20条记录 -----
2025-08-16 14:53:35 - INFO - 跳过第1个info对象（日期为空）
2025-08-16 14:53:35 - INFO - 
----- 处理第21条记录 -----
2025-08-16 14:53:35 - INFO - 跳过第1个info对象（日期为空）
2025-08-16 14:53:35 - INFO - 
----- 处理第22条记录 -----
2025-08-16 14:53:35 - INFO - 跳过第1个info对象（日期为空）
2025-08-16 14:53:35 - INFO - 
----- 处理第23条记录 -----
2025-08-16 14:53:35 - INFO - 跳过第1个info对象（日期为空）
2025-08-16 14:53:35 - INFO - 
----- 处理第24条记录 -----
2025-08-16 14:53:35 - INFO - 跳过第1个info对象（日期为空）
2025-08-16 14:53:35 - INFO - 
----- 处理第25条记录 -----
2025-08-16 14:53:35 - INFO - 跳过第1个info对象（日期为空）
2025-08-16 14:53:35 - INFO - 
----- 处理第26条记录 -----
2025-08-16 14:53:35 - INFO - 跳过第1个info对象（日期为空）
2025-08-16 14:53:35 - INFO - 
----- 处理第27条记录 -----
2025-08-16 14:53:35 - INFO - 跳过第1个info对象（日期为空）
2025-08-16 14:53:35 - INFO - 
----- 处理第28条记录 -----
2025-08-16 14:53:35 - INFO - 跳过第1个info对象（日期为空）
2025-08-16 14:53:35 - INFO - 未匹配到任务
2025-08-16 14:53:35 - INFO - 
----- 处理第29条记录 -----
2025-08-16 14:53:35 - INFO - 跳过第1个info对象（日期为空）
2025-08-16 14:53:35 - INFO - 
----- 处理第30条记录 -----
2025-08-16 14:53:35 - INFO - 跳过第1个info对象（日期为空）
2025-08-16 14:53:35 - INFO - 
----- 处理第31条记录 -----
2025-08-16 14:53:35 - INFO - 跳过第1个info对象（日期为空）
2025-08-16 14:53:35 - INFO - 
----- 处理第32条记录 -----
2025-08-16 14:53:35 - INFO - 跳过第1个info对象（日期为空）
2025-08-16 14:53:35 - INFO - 
----- 处理第33条记录 -----
2025-08-16 14:53:35 - INFO - 跳过第1个info对象（日期为空）
2025-08-16 14:53:35 - INFO - 
----- 处理第34条记录 -----
2025-08-16 14:53:35 - INFO - 跳过第1个info对象（日期为空）
2025-08-16 14:53:35 - INFO - 
----- 处理第35条记录 -----
2025-08-16 14:53:35 - INFO - 跳过第1个info对象（日期为空）
2025-08-16 14:53:35 - INFO - 
----- 处理第36条记录 -----
2025-08-16 14:53:35 - INFO - 跳过第1个info对象（日期为空）
2025-08-16 14:53:35 - INFO - 
----- 处理第37条记录 -----
2025-08-16 14:53:35 - ERROR - JSON格式解析失败: {"info":{"姓名":"","性别":"","联系电话":"","年龄":"","关系":"","居住地址":"","备注":"",,"孕产妇标签":"",,"出生日期":"","身份证":""...
2025-08-16 14:53:35 - INFO - 
----- 处理第38条记录 -----
2025-08-16 14:53:35 - INFO - 跳过第1个info对象（日期为空）
2025-08-16 14:53:35 - INFO - 
----- 处理第39条记录 -----
2025-08-16 14:53:35 - INFO - 未匹配到任务
2025-08-16 14:53:35 - INFO - 
----- 处理第40条记录 -----
2025-08-16 14:53:35 - INFO - 跳过第1个info对象（日期为空）
2025-08-16 14:53:35 - INFO - 
----- 处理第41条记录 -----
2025-08-16 14:53:35 - INFO - 跳过第1个info对象（日期为空）
2025-08-16 14:53:35 - INFO - 
----- 处理第42条记录 -----
2025-08-16 14:53:35 - INFO - 跳过第1个info对象（日期为空）
2025-08-16 14:53:35 - INFO - 
----- 处理第43条记录 -----
2025-08-16 14:53:35 - INFO - 跳过第1个info对象（日期为空）
2025-08-16 14:53:35 - INFO - 
----- 处理第44条记录 -----
2025-08-16 14:53:35 - INFO - 跳过第1个info对象（日期为空）
2025-08-16 14:53:35 - INFO - 
----- 处理第45条记录 -----
2025-08-16 14:53:35 - INFO - 跳过第1个info对象（日期为空）
2025-08-16 14:53:35 - INFO - 
----- 处理第46条记录 -----
2025-08-16 14:53:35 - INFO - 跳过第1个info对象（日期为空）
2025-08-16 14:53:35 - INFO - 
----- 处理第47条记录 -----
2025-08-16 14:53:35 - INFO - 跳过第2个info对象（日期为空）
2025-08-16 14:53:35 - INFO - 跳过第3个info对象（日期为空）
2025-08-16 14:53:35 - INFO - 未匹配到任务
2025-08-16 14:53:35 - INFO - 
----- 处理第48条记录 -----
2025-08-16 14:53:35 - INFO - 跳过第1个info对象（日期为空）
2025-08-16 14:53:35 - INFO - 医院 花山镇卫生院 成功处理 0 个任务
2025-08-16 14:53:35 - INFO - 
正在处理第 2/9 个医院配置
2025-08-16 14:53:35 - INFO - 
===== 处理医院: 清布社区卫生服务中心 =====
2025-08-16 14:53:35 - INFO - 发送查询请求: dcDhP5Bolnl7LsmQpLNTYIstonM1fFAAp5rBDATlb9dhxtxa4Yqzo0hc2cviiWvxkR-CaRiVssk7hIVKVe8jTXwQ, t4wjUf, vukaF8
2025-08-16 14:53:36 - INFO - ✅ 读取到 31 条记录
2025-08-16 14:53:36 - INFO - 
----- 处理第1条记录 -----
2025-08-16 14:53:36 - INFO - 跳过第1个info对象（日期为空）
2025-08-16 14:53:36 - INFO - 
----- 处理第2条记录 -----
2025-08-16 14:53:36 - INFO - 跳过第1个info对象（日期为空）
2025-08-16 14:53:36 - INFO - 
----- 处理第3条记录 -----
2025-08-16 14:53:36 - INFO - 跳过第1个info对象（日期为空）
2025-08-16 14:53:36 - INFO - 
----- 处理第4条记录 -----
2025-08-16 14:53:36 - INFO - 跳过第1个info对象（日期为空）
2025-08-16 14:53:36 - INFO - 
----- 处理第5条记录 -----
2025-08-16 14:53:36 - INFO - 跳过第1个info对象（日期为空）
2025-08-16 14:53:36 - INFO - 
----- 处理第6条记录 -----
2025-08-16 14:53:36 - INFO - 跳过第1个info对象（日期为空）
2025-08-16 14:53:36 - INFO - 
----- 处理第7条记录 -----
2025-08-16 14:53:36 - INFO - 跳过第1个info对象（日期为空）
2025-08-16 14:53:36 - INFO - 
----- 处理第8条记录 -----
2025-08-16 14:53:36 - INFO - 跳过第1个info对象（日期为空）
2025-08-16 14:53:36 - INFO - 
----- 处理第9条记录 -----
2025-08-16 14:53:36 - INFO - 跳过第1个info对象（日期为空）
2025-08-16 14:53:36 - INFO - 
----- 处理第10条记录 -----
2025-08-16 14:53:36 - INFO - 跳过第1个info对象（日期为空）
2025-08-16 14:53:36 - INFO - 
----- 处理第11条记录 -----
2025-08-16 14:53:36 - INFO - 跳过第1个info对象（日期为空）
2025-08-16 14:53:36 - INFO - 
----- 处理第12条记录 -----
2025-08-16 14:53:36 - INFO - 跳过第1个info对象（日期为空）
2025-08-16 14:53:36 - INFO - 
----- 处理第13条记录 -----
2025-08-16 14:53:36 - INFO - 跳过第1个info对象（日期为空）
2025-08-16 14:53:36 - INFO - 
----- 处理第14条记录 -----
2025-08-16 14:53:36 - INFO - 跳过第1个info对象（日期为空）
2025-08-16 14:53:36 - INFO - 
----- 处理第15条记录 -----
2025-08-16 14:53:36 - INFO - 跳过第1个info对象（日期为空）
2025-08-16 14:53:36 - INFO - 
----- 处理第16条记录 -----
2025-08-16 14:53:36 - INFO - 跳过第1个info对象（日期为空）
2025-08-16 14:53:36 - INFO - 
----- 处理第17条记录 -----
2025-08-16 14:53:36 - INFO - 匹配到1个任务，准备写入...
2025-08-16 14:53:36 - INFO - ===== 写入表信息 =====
2025-08-16 14:53:36 - INFO - URL: https://smallwecom.yesboss.work/smarttable
2025-08-16 14:53:36 - INFO - Method: POST
2025-08-16 14:53:36 - INFO - Data: {
    "action": "通用写入表单",
    "company": "花都家庭医生",
    "WordList": {
        "docid": "dcDhP5Bolnl7LsmQpLNTYIstonM1fFAAp5rBDATlb9dhxtxa4Yqzo0hc2cviiWvxkR-CaRiVssk7hIVKVe8jTXwQ",
        "sheet_id": "tkNxAv",
        "view_id": "vmIk4J",
        "values": {
            "任务发送日期": "1755327216440",
            "截止日期": "1755327216440",
            "回访账号": [
                {
                    "user_id": "wobb8UCgAADs5RXtxy_rlWdFpibBNA1g"
                }
            ],
            "externalUserid": [
                {
                    "type": "text",
                    "text": "wmbb8UCgAAsZrpMRT9Pm-odrKp-85wRw"
                }
            ],
            "任务名": [
                {
                    "type": "text",
                    "text": "孕28~36周+6提醒"
                }
            ]
        }
    }
}
2025-08-16 14:53:38 - INFO - API响应结果:
2025-08-16 14:53:38 - INFO - {
  "success": true,
  "message": "通用写入表单成功",
  "data": {
    "errcode": 0,
    "errmsg": "ok",
    "records": [
      {
        "record_id": "rinrtP",
        "values": {
          "externalUserid": [
            {
              "text": "wmbb8UCgAAsZrpMRT9Pm-odrKp-85wRw",
              "type": "text"
            }
          ],
          "任务发送日期": [],
          "任务名": [
            {
              "text": "孕28~36周+6提醒",
              "type": "text"
            }
          ],
          "回访账号": [
            {
              "user_id": "wobb8UCgAADs5RXtxy_rlWdFpibBNA1g"
            }
          ],
          "截止日期": []
        }
      }
    ]
  },
  "timestamp": "2025-08-16T06:53:38.431Z"
}
2025-08-16 14:53:38 - INFO - ✅ 任务「孕28~36周+6提醒」写入请求已发送
2025-08-16 14:53:38 - INFO - 
----- 处理第18条记录 -----
2025-08-16 14:53:38 - INFO - 跳过第1个info对象（日期为空）
2025-08-16 14:53:38 - INFO - 
----- 处理第19条记录 -----
2025-08-16 14:53:38 - INFO - 跳过第1个info对象（日期为空）
2025-08-16 14:53:38 - INFO - 
----- 处理第20条记录 -----
2025-08-16 14:53:38 - INFO - 跳过第1个info对象（日期为空）
2025-08-16 14:53:38 - INFO - 
----- 处理第21条记录 -----
2025-08-16 14:53:38 - INFO - 跳过第1个info对象（日期为空）
2025-08-16 14:53:38 - INFO - 
----- 处理第22条记录 -----
2025-08-16 14:53:38 - INFO - 跳过第1个info对象（日期为空）
2025-08-16 14:53:38 - INFO - 
----- 处理第23条记录 -----
2025-08-16 14:53:38 - INFO - 跳过第1个info对象（日期为空）
2025-08-16 14:53:38 - INFO - 未匹配到任务
2025-08-16 14:53:38 - INFO - 
----- 处理第24条记录 -----
2025-08-16 14:53:38 - INFO - 跳过第1个info对象（日期为空）
2025-08-16 14:53:38 - INFO - 
----- 处理第25条记录 -----
2025-08-16 14:53:38 - INFO - 跳过第1个info对象（日期为空）
2025-08-16 14:53:38 - INFO - 
----- 处理第26条记录 -----
2025-08-16 14:53:38 - INFO - 未匹配到任务
2025-08-16 14:53:38 - INFO - 
----- 处理第27条记录 -----
2025-08-16 14:53:38 - INFO - 跳过第1个info对象（日期为空）
2025-08-16 14:53:38 - INFO - 
----- 处理第28条记录 -----
2025-08-16 14:53:38 - INFO - 跳过第1个info对象（日期为空）
2025-08-16 14:53:38 - INFO - 
----- 处理第29条记录 -----
2025-08-16 14:53:38 - INFO - 跳过第1个info对象（日期为空）
2025-08-16 14:53:38 - INFO - 
----- 处理第30条记录 -----
2025-08-16 14:53:38 - INFO - 跳过第1个info对象（日期为空）
2025-08-16 14:53:38 - INFO - 
----- 处理第31条记录 -----
2025-08-16 14:53:38 - INFO - 跳过第1个info对象（日期为空）
2025-08-16 14:53:38 - INFO - 医院 清布社区卫生服务中心 成功处理 1 个任务
2025-08-16 14:53:38 - INFO - 
正在处理第 3/9 个医院配置
2025-08-16 14:53:38 - INFO - 
===== 处理医院: 花城社区卫生服务中心 =====
2025-08-16 14:53:38 - INFO - 发送查询请求: dcjGBIXjOEGD5LtFgu3WMfd7DkA5EjQWfOGXjWIBV0Qi-vNpQ8V71GLU5vaDQzEg2OG4NtVW66DJdbS6mDYV3ZPg, t1GGXy, vukaF8
2025-08-16 14:53:39 - INFO - ✅ 读取到 44 条记录
2025-08-16 14:53:39 - INFO - 
----- 处理第1条记录 -----
2025-08-16 14:53:39 - INFO - 未匹配到任务
2025-08-16 14:53:39 - INFO - 
----- 处理第2条记录 -----
2025-08-16 14:53:39 - INFO - 未匹配到任务
2025-08-16 14:53:39 - INFO - 
----- 处理第3条记录 -----
2025-08-16 14:53:39 - INFO - 未匹配到任务
2025-08-16 14:53:39 - INFO - 
----- 处理第4条记录 -----
2025-08-16 14:53:39 - INFO - 跳过第1个info对象（日期为空）
2025-08-16 14:53:39 - INFO - 
----- 处理第5条记录 -----
2025-08-16 14:53:39 - INFO - 未匹配到任务
2025-08-16 14:53:39 - INFO - 
----- 处理第6条记录 -----
2025-08-16 14:53:39 - INFO - 跳过第1个info对象（日期为空）
2025-08-16 14:53:39 - INFO - 
----- 处理第7条记录 -----
2025-08-16 14:53:39 - INFO - 跳过第1个info对象（日期为空）
2025-08-16 14:53:39 - INFO - 
----- 处理第8条记录 -----
2025-08-16 14:53:39 - INFO - 跳过第1个info对象（日期为空）
2025-08-16 14:53:39 - INFO - 
----- 处理第9条记录 -----
2025-08-16 14:53:39 - INFO - 未匹配到任务
2025-08-16 14:53:39 - INFO - 
----- 处理第10条记录 -----
2025-08-16 14:53:39 - INFO - 跳过第1个info对象（日期为空）
2025-08-16 14:53:39 - INFO - 
----- 处理第11条记录 -----
2025-08-16 14:53:39 - INFO - 跳过第1个info对象（日期为空）
2025-08-16 14:53:39 - INFO - 
----- 处理第12条记录 -----
2025-08-16 14:53:39 - INFO - 跳过第1个info对象（日期为空）
2025-08-16 14:53:39 - INFO - 
----- 处理第13条记录 -----
2025-08-16 14:53:39 - INFO - 跳过第1个info对象（日期为空）
2025-08-16 14:53:39 - INFO - 
----- 处理第14条记录 -----
2025-08-16 14:53:39 - INFO - 跳过第1个info对象（日期为空）
2025-08-16 14:53:39 - INFO - 
----- 处理第15条记录 -----
2025-08-16 14:53:39 - INFO - 未匹配到任务
2025-08-16 14:53:39 - INFO - 
----- 处理第16条记录 -----
2025-08-16 14:53:39 - INFO - 跳过第1个info对象（日期为空）
2025-08-16 14:53:39 - INFO - 
----- 处理第17条记录 -----
2025-08-16 14:53:39 - INFO - 跳过第1个info对象（日期为空）
2025-08-16 14:53:39 - INFO - 
----- 处理第18条记录 -----
2025-08-16 14:53:39 - INFO - 未匹配到任务
2025-08-16 14:53:39 - INFO - 
----- 处理第19条记录 -----
2025-08-16 14:53:39 - INFO - 跳过第1个info对象（日期为空）
2025-08-16 14:53:39 - INFO - 
----- 处理第20条记录 -----
2025-08-16 14:53:39 - INFO - 未匹配到任务
2025-08-16 14:53:39 - INFO - 
----- 处理第21条记录 -----
2025-08-16 14:53:39 - INFO - 未匹配到任务
2025-08-16 14:53:39 - INFO - 
----- 处理第22条记录 -----
2025-08-16 14:53:39 - INFO - 未匹配到任务
2025-08-16 14:53:39 - INFO - 
----- 处理第23条记录 -----
2025-08-16 14:53:39 - INFO - 跳过第1个info对象（日期为空）
2025-08-16 14:53:39 - INFO - 
----- 处理第24条记录 -----
2025-08-16 14:53:39 - INFO - 跳过第1个info对象（日期为空）
2025-08-16 14:53:39 - INFO - 
----- 处理第25条记录 -----
2025-08-16 14:53:39 - INFO - 未匹配到任务
2025-08-16 14:53:39 - INFO - 
----- 处理第26条记录 -----
2025-08-16 14:53:39 - INFO - 跳过第1个info对象（日期为空）
2025-08-16 14:53:39 - INFO - 
----- 处理第27条记录 -----
2025-08-16 14:53:39 - INFO - 跳过第1个info对象（日期为空）
2025-08-16 14:53:39 - INFO - 
----- 处理第28条记录 -----
2025-08-16 14:53:39 - INFO - 未匹配到任务
2025-08-16 14:53:39 - INFO - 
----- 处理第29条记录 -----
2025-08-16 14:53:39 - INFO - 未匹配到任务
2025-08-16 14:53:39 - INFO - 
----- 处理第30条记录 -----
2025-08-16 14:53:39 - INFO - 跳过第1个info对象（日期为空）
2025-08-16 14:53:39 - INFO - 
----- 处理第31条记录 -----
2025-08-16 14:53:39 - INFO - 跳过第1个info对象（日期为空）
2025-08-16 14:53:39 - INFO - 
----- 处理第32条记录 -----
2025-08-16 14:53:39 - INFO - 未匹配到任务
2025-08-16 14:53:39 - INFO - 
----- 处理第33条记录 -----
2025-08-16 14:53:39 - INFO - 跳过第1个info对象（日期为空）
2025-08-16 14:53:39 - INFO - 
----- 处理第34条记录 -----
2025-08-16 14:53:39 - INFO - 未匹配到任务
2025-08-16 14:53:39 - INFO - 
----- 处理第35条记录 -----
2025-08-16 14:53:39 - INFO - 跳过第1个info对象（日期为空）
2025-08-16 14:53:39 - INFO - 
----- 处理第36条记录 -----
2025-08-16 14:53:39 - INFO - 跳过第1个info对象（日期为空）
2025-08-16 14:53:39 - INFO - 
----- 处理第37条记录 -----
2025-08-16 14:53:39 - INFO - 跳过第1个info对象（日期为空）
2025-08-16 14:53:39 - INFO - 
----- 处理第38条记录 -----
2025-08-16 14:53:39 - INFO - 未匹配到任务
2025-08-16 14:53:39 - INFO - 
----- 处理第39条记录 -----
2025-08-16 14:53:39 - INFO - 跳过第1个info对象（日期为空）
2025-08-16 14:53:39 - INFO - 
----- 处理第40条记录 -----
2025-08-16 14:53:39 - INFO - 跳过第1个info对象（日期为空）
2025-08-16 14:53:39 - INFO - 
----- 处理第41条记录 -----
2025-08-16 14:53:39 - INFO - 未匹配到任务
2025-08-16 14:53:39 - INFO - 
----- 处理第42条记录 -----
2025-08-16 14:53:39 - INFO - 跳过第1个info对象（日期为空）
2025-08-16 14:53:39 - INFO - 
----- 处理第43条记录 -----
2025-08-16 14:53:39 - INFO - 跳过第1个info对象（日期为空）
2025-08-16 14:53:39 - INFO - 未匹配到任务
2025-08-16 14:53:39 - INFO - 
----- 处理第44条记录 -----
2025-08-16 14:53:39 - INFO - 跳过第1个info对象（日期为空）
2025-08-16 14:53:39 - INFO - 医院 花城社区卫生服务中心 成功处理 0 个任务
2025-08-16 14:53:39 - INFO - 
正在处理第 4/9 个医院配置
2025-08-16 14:53:39 - INFO - 
===== 处理医院: 炭步镇中心卫生院 =====
2025-08-16 14:53:39 - INFO - 发送查询请求: dciH4cV8vCnj1L45kQJYYfKurjHCha5sFKIPOOEE33Zupbpqg09tQpZjn3Zh2moDcTyAmAsckeWR34XXMUeLgWQw, tlUrO9, vukaF8
2025-08-16 14:53:40 - INFO - ✅ 读取到 2 条记录
2025-08-16 14:53:40 - INFO - 
----- 处理第1条记录 -----
2025-08-16 14:53:40 - INFO - 跳过第1个info对象（日期为空）
2025-08-16 14:53:40 - INFO - 
----- 处理第2条记录 -----
2025-08-16 14:53:40 - INFO - 跳过第1个info对象（日期为空）
2025-08-16 14:53:40 - INFO - 医院 炭步镇中心卫生院 成功处理 0 个任务
2025-08-16 14:53:40 - INFO - 
正在处理第 5/9 个医院配置
2025-08-16 14:53:40 - INFO - 
===== 处理医院: 花东镇花侨卫生院 =====
2025-08-16 14:53:40 - INFO - 发送查询请求: dc6PF4l0o7YyWAbIUq9kgWFMoWrXJGpvM30KYu6fjIt54khL_6h1QLElxQhjnlmHwY4BRTLx_Fut0kXobDdBCNWg, tBLt0A, vukaF8
2025-08-16 14:53:41 - INFO - ✅ 读取到 2 条记录
2025-08-16 14:53:41 - INFO - 
----- 处理第1条记录 -----
2025-08-16 14:53:41 - INFO - 跳过第1个info对象（日期为空）
2025-08-16 14:53:41 - INFO - 
----- 处理第2条记录 -----
2025-08-16 14:53:41 - INFO - 跳过第1个info对象（日期为空）
2025-08-16 14:53:41 - INFO - 医院 花东镇花侨卫生院 成功处理 0 个任务
2025-08-16 14:53:41 - INFO - 
正在处理第 6/9 个医院配置
2025-08-16 14:53:41 - INFO - 
===== 处理医院: 天贵社区卫生服务中心 =====
2025-08-16 14:53:41 - INFO - 发送查询请求: dckt0o1th7aMdhvY9HDVhotqpAay1dJ8mqU6-zQWmQ4QJbed2jFP0xDbTzzNMA8JP-JCMBfVoxNOXZiXPyPHOijA, tTDoqx, vukaF8
2025-08-16 14:53:42 - INFO - ✅ 读取到 2 条记录
2025-08-16 14:53:42 - INFO - 
----- 处理第1条记录 -----
2025-08-16 14:53:42 - INFO - 跳过第1个info对象（日期为空）
2025-08-16 14:53:42 - INFO - 
----- 处理第2条记录 -----
2025-08-16 14:53:42 - INFO - 跳过第1个info对象（日期为空）
2025-08-16 14:53:42 - INFO - 医院 天贵社区卫生服务中心 成功处理 0 个任务
2025-08-16 14:53:42 - INFO - 
正在处理第 7/9 个医院配置
2025-08-16 14:53:42 - INFO - 
===== 处理医院: 广州市花都区第二人民医院 =====
2025-08-16 14:53:42 - INFO - 发送查询请求: dc4ONd5kZQvnfbZAWi_VuII_HGv_mnxIdJwcWagMmbskdrgZ36vUY2dHxGsSkTzh7LBMuNJdk9rIJFFaZIpXtTDg, tcNPbj, vukaF8
2025-08-16 14:53:43 - INFO - ✅ 读取到 3 条记录
2025-08-16 14:53:43 - INFO - 
----- 处理第1条记录 -----
2025-08-16 14:53:43 - INFO - 跳过第1个info对象（日期为空）
2025-08-16 14:53:43 - INFO - 
----- 处理第2条记录 -----
2025-08-16 14:53:43 - INFO - 跳过第1个info对象（日期为空）
2025-08-16 14:53:43 - INFO - 
----- 处理第3条记录 -----
2025-08-16 14:53:43 - INFO - 跳过第1个info对象（日期为空）
2025-08-16 14:53:43 - INFO - 医院 广州市花都区第二人民医院 成功处理 0 个任务
2025-08-16 14:53:43 - INFO - 
正在处理第 8/9 个医院配置
2025-08-16 14:53:43 - INFO - 
===== 处理医院: 新华社区卫生服务中心 =====
2025-08-16 14:53:43 - INFO - 发送查询请求: dc73l1Tuc8xhIDbl4yIgCjomWcfSdPjAd61X_-f2rhSTgSExUslQdsai2IboOUnjLfA4IZGAjV652q3Wwv_vs2Mg, toD9EZ, vukaF8
2025-08-16 14:53:44 - INFO - ✅ 读取到 4 条记录
2025-08-16 14:53:44 - INFO - 
----- 处理第1条记录 -----
2025-08-16 14:53:44 - INFO - 跳过第1个info对象（日期为空）
2025-08-16 14:53:44 - INFO - 
----- 处理第2条记录 -----
2025-08-16 14:53:44 - ERROR - JSON格式解析失败: 无数据...
2025-08-16 14:53:44 - INFO - 
----- 处理第3条记录 -----
2025-08-16 14:53:44 - INFO - 跳过第1个info对象（日期为空）
2025-08-16 14:53:44 - INFO - 
----- 处理第4条记录 -----
2025-08-16 14:53:44 - INFO - 跳过第1个info对象（日期为空）
2025-08-16 14:53:44 - INFO - 医院 新华社区卫生服务中心 成功处理 0 个任务
2025-08-16 14:53:44 - INFO - 
正在处理第 9/9 个医院配置
2025-08-16 14:53:44 - INFO - 
===== 处理医院: 花东镇北兴卫生院 =====
2025-08-16 14:53:44 - INFO - 发送查询请求: dcYhpC0NyLehdsThOkT_P0dbrVMqO8he1EVS3NPEwOgV5KACV4cApy1L6aHBCm6lfD6bKWQc_VIqpEsBSho0KtBA, tcBLAo, vukaF8
2025-08-16 14:53:45 - INFO - ✅ 读取到 2 条记录
2025-08-16 14:53:45 - INFO - 
----- 处理第1条记录 -----
2025-08-16 14:53:45 - WARNING - 无法解析日期: 孕6周
2025-08-16 14:53:45 - INFO - 未匹配到任务
2025-08-16 14:53:45 - INFO - 
----- 处理第2条记录 -----
2025-08-16 14:53:45 - INFO - 跳过第1个info对象（日期为空）
2025-08-16 14:53:45 - INFO - 医院 花东镇北兴卫生院 成功处理 0 个任务
2025-08-16 14:53:45 - INFO - 
===== 处理完成 =====
2025-08-16 14:53:45 - INFO - 总计处理 9 个医院
2025-08-16 14:53:45 - INFO - 成功写入 1 个任务
2025-08-16 14:53:45 - INFO - 耗时: 10.81 秒
