2025-08-30 23:56:46,641 - INFO - ===== 开始读取“全部员工”表格中的姓名 =====
2025-08-30 23:56:46,641 - INFO - 开始读取员工姓名...
2025-08-30 23:56:46,642 - WARNING - 读取Token缓存失败：name 'timedelta' is not defined
2025-08-30 23:56:46,642 - INFO - 重新获取Token...
2025-08-30 23:56:46,929 - ERROR - 保存Token缓存失败：name 'timedelta' is not defined
2025-08-30 23:56:46,929 - INFO - Token获取成功
2025-08-30 23:56:47,296 - ERROR - 读取表格失败：400 Client Error: Bad Request for url: https://api.dingtalk.com/v1.0/smartwork/bases/pYLaezmVNev7pRZ9t4oxG9aQWrMqPxX6/sheets/%E5%85%A8%E9%83%A8%E5%91%98%E5%B7%A5/records?maxResults=1000&operatorId=xYLFMT7vpx2nLD5iiW81omAiEiE
2025-08-30 23:56:47,296 - INFO - 未读取到任何姓名数据
2025-08-30 23:56:47,296 - INFO - ===== 操作结束 =====
2025-08-30 23:57:02,792 - INFO - ===== 开始读取“全部员工”表格中的姓名 =====
2025-08-30 23:57:02,792 - INFO - 开始读取员工姓名...
2025-08-30 23:57:02,793 - INFO - Token即将过期，需重新获取
2025-08-30 23:57:02,793 - INFO - 重新获取Token...
2025-08-30 23:57:03,062 - INFO - Token已缓存，过期时间：2025-08-31 01:57:03
2025-08-30 23:57:03,062 - INFO - Token获取成功
2025-08-30 23:57:03,314 - ERROR - 读取表格失败：400 Client Error: Bad Request for url: https://api.dingtalk.com/v1.0/smartwork/bases/pYLaezmVNev7pRZ9t4oxG9aQWrMqPxX6/sheets/%E5%85%A8%E9%83%A8%E5%91%98%E5%B7%A5/records?maxResults=1000&operatorId=xYLFMT7vpx2nLD5iiW81omAiEiE
2025-08-30 23:57:03,314 - INFO - 未读取到任何姓名数据
2025-08-30 23:57:03,314 - INFO - ===== 操作结束 =====
2025-08-30 23:58:44,903 - INFO - ===== 开始读取“全部员工”表格中的姓名 =====
2025-08-30 23:58:44,903 - INFO - 开始读取员工姓名...
2025-08-30 23:58:44,909 - INFO - 使用缓存的Token
2025-08-30 23:58:45,205 - ERROR - 读取表格失败：400 Client Error: Bad Request for url: https://api.dingtalk.com/v1.0/smartwork/bases/pYLaezmVNev7pRZ9t4oxG9aQWrMqPxX6/sheets/%E9%85%8D%E7%BD%AE%E8%A1%A8/records?maxResults=1000&operatorId=xYLFMT7vpx2nLD5iiW81omAiEiE
2025-08-30 23:58:45,205 - INFO - 未读取到任何姓名数据
2025-08-30 23:58:45,205 - INFO - ===== 操作结束 =====
2025-08-30 23:59:22,741 - INFO - ===== 开始读取“全部员工”表格中的姓名 =====
2025-08-30 23:59:22,744 - INFO - 开始读取员工姓名...
2025-08-30 23:59:22,755 - INFO - 使用缓存的Token
2025-08-30 23:59:23,119 - ERROR - 读取表格失败：400 Client Error: Bad Request for url: https://api.dingtalk.com/v1.0/smartwork/bases/pYLaezmVNev7pRZ9t4oxG9aQWrMqPxX6/sheets/%E5%85%A8%E9%83%A8%E5%91%98%E5%B7%A5/records?maxResults=1000&operatorId=xYLFMT7vpx2nLD5iiW81omAiEiE
2025-08-30 23:59:23,119 - INFO - 未读取到任何姓名数据
2025-08-30 23:59:23,119 - INFO - ===== 操作结束 =====
2025-08-30 23:59:29,707 - INFO - ===== 开始读取“全部员工”表格中的姓名 =====
2025-08-30 23:59:29,710 - INFO - 开始读取员工姓名...
2025-08-30 23:59:29,722 - INFO - 使用缓存的Token
2025-08-30 23:59:29,936 - ERROR - 读取表格失败：400 Client Error: Bad Request for url: https://api.dingtalk.com/v1.0/smartwork/bases/pYLaezmVNev7pRZ9t4oxG9aQWrMqPxX6/sheets/%E5%85%A8%E9%83%A8%E5%91%98%E5%B7%A5/records?maxResults=1000&operatorId=xYLFMT7vpx2nLD5iiW81omAiEiE
2025-08-30 23:59:29,937 - INFO - 未读取到任何姓名数据
2025-08-30 23:59:29,937 - INFO - ===== 操作结束 =====
2025-08-30 23:59:35,634 - INFO - ===== 开始读取“全部员工”表格中的姓名 =====
2025-08-30 23:59:35,637 - INFO - 开始读取员工姓名...
2025-08-30 23:59:35,649 - INFO - 使用缓存的Token
2025-08-30 23:59:35,895 - ERROR - 读取表格失败：400 Client Error: Bad Request for url: https://api.dingtalk.com/v1.0/smartwork/bases/pYLaezmVNev7pRZ9t4oxG9aQWrMqPxX6/sheets/%E5%85%A8%E9%83%A8%E5%91%98%E5%B7%A5/records?maxResults=1000&operatorId=xYLFMT7vpx2nLD5iiW81omAiEiE
2025-08-30 23:59:35,896 - INFO - 未读取到任何姓名数据
2025-08-30 23:59:35,896 - INFO - ===== 操作结束 =====
2025-08-31 00:02:10,669 - INFO - ===== 开始读取“全部员工”表格的姓名 =====
2025-08-31 00:02:10,669 - INFO - 🔄 读取“全部员工”表格...
2025-08-31 00:02:10,669 - INFO - 🔄🔄 重新获取Token...
2025-08-31 00:02:11,048 - INFO - 💾 Token已缓存，过期时间：2025-08-31 02:02:11
2025-08-31 00:02:11,049 - INFO - ✅ Token获取成功
2025-08-31 00:02:11,049 - INFO - 🔄 第1次请求表格API
2025-08-31 00:02:11,887 - INFO - ✅ 读取到姓名[1]：李沛奇
2025-08-31 00:02:11,888 - INFO - ✅ 读取到姓名[2]：谢伟能
2025-08-31 00:02:11,888 - INFO - ✅ 读取到姓名[3]：郭永安
2025-08-31 00:02:11,888 - INFO - ✅ 读取到姓名[4]：纪凯程
2025-08-31 00:02:11,888 - INFO - ✅ 读取到姓名[5]：陈如欣
2025-08-31 00:02:11,888 - INFO - ✅ 读取到姓名[6]：陈楚纯
2025-08-31 00:02:11,888 - INFO - ✅ 读取到姓名[7]：韦锋
2025-08-31 00:02:11,888 - INFO - ✅ 读取到姓名[8]：谢宏润
2025-08-31 00:02:11,888 - INFO - ✅ 读取到姓名[9]：钟启浩
2025-08-31 00:02:11,888 - INFO - ✅ 读取到姓名[10]：陈智斌
2025-08-31 00:02:11,888 - INFO - ✅ 读取到姓名[11]：甄艺柱
2025-08-31 00:02:11,888 - INFO - ✅ 读取到姓名[12]：苏小岚
2025-08-31 00:02:11,888 - INFO - ✅ 读取到姓名[13]：吕彦
2025-08-31 00:02:11,888 - INFO - ✅ 读取到姓名[14]：朱颢泰
2025-08-31 00:02:11,888 - INFO - ✅ 读取到姓名[15]：唐静妍
2025-08-31 00:02:11,888 - INFO - ✅ 读取到姓名[16]：钟颖
2025-08-31 00:02:11,888 - INFO - ✅ 读取到姓名[17]：黄露
2025-08-31 00:02:11,888 - INFO - ✅ 读取到姓名[18]：周璇
2025-08-31 00:02:11,888 - INFO - ✅ 读取到姓名[19]：林思萍
2025-08-31 00:02:11,888 - INFO - ✅ 读取到姓名[20]：钟雅文
2025-08-31 00:02:11,888 - INFO - ✅ 读取到姓名[21]：吴嘉欣
2025-08-31 00:02:11,889 - INFO - ✅ 读取到姓名[22]：庞志阳
2025-08-31 00:02:11,889 - INFO - ✅ 读取到姓名[23]：莫美艳
2025-08-31 00:02:11,889 - INFO - ✅ 读取到姓名[24]：陈思思
2025-08-31 00:02:11,889 - INFO - ✅ 读取到姓名[25]：倪雪梅
2025-08-31 00:02:11,889 - INFO - ✅ 读取到姓名[26]：王茂成
2025-08-31 00:02:11,889 - INFO - ✅ 读取到姓名[27]：温景锋
2025-08-31 00:02:11,889 - INFO - ✅ 读取到姓名[28]：颜郡
2025-08-31 00:02:11,889 - INFO - ✅ 读取到姓名[29]：李洋洋
2025-08-31 00:02:11,889 - INFO - ✅ 读取到姓名[30]：李柳枝
2025-08-31 00:02:11,889 - INFO - ✅ 读取到姓名[31]：麦炜安
2025-08-31 00:02:11,889 - INFO - ✅ 读取到姓名[32]：周淑娟
2025-08-31 00:02:11,889 - INFO - ✅ 读取到姓名[33]：向德美
2025-08-31 00:02:11,889 - INFO - ✅ 读取到姓名[34]：胡楚妍
2025-08-31 00:02:11,889 - INFO - ✅ 读取到姓名[35]：王嘉龙
2025-08-31 00:02:11,889 - INFO - ✅ 读取到姓名[36]：潘春童
2025-08-31 00:02:11,889 - INFO - ✅ 读取到姓名[37]：杨诗茵
2025-08-31 00:02:11,889 - INFO - ✅ 读取到姓名[38]：吴炆钢
2025-08-31 00:02:11,889 - INFO - ✅ 读取到姓名[39]：黎彤
2025-08-31 00:02:11,889 - INFO - ✅ 读取到姓名[40]：郑晓慧
2025-08-31 00:02:11,889 - INFO - ✅ 读取到姓名[41]：赵晓馨
2025-08-31 00:02:11,889 - INFO - ✅ 读取到姓名[42]：彭鹏
2025-08-31 00:02:11,889 - INFO - ✅ 读取到姓名[43]：彭仁坤
2025-08-31 00:02:11,889 - INFO - ✅ 读取到姓名[44]：彭宇奇
2025-08-31 00:02:11,889 - INFO - ✅ 读取到姓名[45]：王涛
2025-08-31 00:02:11,890 - INFO - ✅ 读取到姓名[46]：王伟
2025-08-31 00:02:11,890 - INFO - ✅ 读取到姓名[47]：洪键
2025-08-31 00:02:11,890 - INFO - ✅ 读取到姓名[48]：潘飞帆
2025-08-31 00:02:11,890 - INFO - ✅ 读取到姓名[49]：杨晓楠
2025-08-31 00:02:11,890 - INFO - ✅ 读取到姓名[50]：周有涛
2025-08-31 00:02:11,890 - INFO - ✅ 读取到姓名[51]：郭一诺
2025-08-31 00:02:11,890 - INFO - ✅ 读取到姓名[52]：梁盼玉
2025-08-31 00:02:11,890 - INFO - ✅ 读取到姓名[53]：王志轩
2025-08-31 00:02:11,890 - INFO - ✅ 读取到姓名[54]：周文彬
2025-08-31 00:02:11,890 - INFO - ✅ 读取到姓名[55]：梁东强
2025-08-31 00:02:11,890 - INFO - ✅ 读取到姓名[56]：卓恒瑶
2025-08-31 00:02:11,890 - INFO - ✅ 读取到姓名[57]：董佳辉
2025-08-31 00:02:11,890 - INFO - ✅ 读取到姓名[58]：阳文丽
2025-08-31 00:02:11,890 - INFO - ✅ 读取到姓名[59]：孙梓铭
2025-08-31 00:02:11,890 - INFO - ✅ 读取到姓名[60]：周倩
2025-08-31 00:02:11,904 - INFO - ✅ 读取到姓名[61]：郑斯妮
2025-08-31 00:02:11,905 - INFO - ✅ 读取到姓名[62]：姜春云
2025-08-31 00:02:11,905 - INFO - ✅ 读取到姓名[63]：蔡俊威
2025-08-31 00:02:11,905 - INFO - ✅ 读取到姓名[64]：侯青园
2025-08-31 00:02:11,905 - INFO - ✅ 读取到姓名[65]：李晓瑶
2025-08-31 00:02:11,905 - INFO - ✅ 读取到姓名[66]：苏若婷
2025-08-31 00:02:11,905 - INFO - ✅ 读取到姓名[67]：杨良俊
2025-08-31 00:02:11,905 - INFO - ✅ 读取到姓名[68]：曾慧栩
2025-08-31 00:02:11,905 - INFO - ✅ 读取到姓名[69]：宁思彤
2025-08-31 00:02:11,905 - INFO - ✅ 读取到姓名[70]：梁越程
2025-08-31 00:02:11,905 - INFO - ✅ 读取到姓名[71]：黄芷晴
2025-08-31 00:02:11,905 - INFO - ✅ 读取到姓名[72]：郭丹玫
2025-08-31 00:02:11,906 - INFO - ✅ 读取到姓名[73]：夏文灵
2025-08-31 00:02:11,906 - INFO - ✅ 读取到姓名[74]：谢嘉鑫
2025-08-31 00:02:11,906 - INFO - ✅ 读取到姓名[75]：兰天尧
2025-08-31 00:02:11,906 - INFO - ✅ 读取到姓名[76]：沈国燕
2025-08-31 00:02:11,906 - INFO - ✅ 读取到姓名[77]：晋逍阳
2025-08-31 00:02:11,906 - INFO - ✅ 读取到姓名[78]：李杜
2025-08-31 00:02:11,906 - INFO - ✅ 读取到姓名[79]：丘敬荣
2025-08-31 00:02:11,906 - INFO - ✅ 读取到姓名[80]：李沅锴
2025-08-31 00:02:11,906 - INFO - ✅ 读取到姓名[81]：陈锋
2025-08-31 00:02:11,906 - INFO - ✅ 读取到姓名[82]：莫伟昌
2025-08-31 00:02:11,906 - INFO - ✅ 读取到姓名[83]：姜艺茗
2025-08-31 00:02:11,906 - INFO - ✅ 读取到姓名[84]：李易军
2025-08-31 00:02:11,906 - INFO - ✅ 读取到姓名[85]：杨晓埼
2025-08-31 00:02:11,906 - INFO - ✅ 读取到姓名[86]：钱诗语
2025-08-31 00:02:11,906 - INFO - ✅ 读取到姓名[87]：王舟
2025-08-31 00:02:11,906 - INFO - ✅ 读取到姓名[88]：朱美谣
2025-08-31 00:02:11,906 - INFO - ✅ 读取到姓名[89]：卓泽铅
2025-08-31 00:02:11,906 - INFO - ✅ 读取到姓名[90]：洪奕涵
2025-08-31 00:02:11,906 - INFO - ✅ 读取到姓名[91]：张军
2025-08-31 00:02:11,906 - INFO - ✅ 读取到姓名[92]：李采桦
2025-08-31 00:02:11,906 - INFO - ✅ 读取到姓名[93]：马秋婷
2025-08-31 00:02:11,906 - INFO - ✅ 读取到姓名[94]：刘佳豪
2025-08-31 00:02:11,906 - INFO - ✅ 读取到姓名[95]：陈琛
2025-08-31 00:02:11,906 - INFO - ✅ 读取到姓名[96]：曾子超
2025-08-31 00:02:11,906 - INFO - ✅ 读取到姓名[97]：于智坤
2025-08-31 00:02:11,907 - INFO - ✅ 读取到姓名[98]：谢允恒
2025-08-31 00:02:11,907 - INFO - ✅ 读取到姓名[99]：周倩
2025-08-31 00:02:11,907 - INFO - ✅ 读取到姓名[100]：陈赟
2025-08-31 00:02:11,907 - INFO - 📊 读取完成，共获取100个姓名
2025-08-31 00:02:11,908 - INFO - ===== 操作结束 =====
